<?xml version="1.0" encoding="UTF-8"?>
<!-- Generated by org.testng.reporters.JUnitReportReporter -->
<testsuite hostname="LAPTOP-7ISA06A4" failures="0" tests="3" name="test.day4" time="0.012" errors="0" timestamp="2023-04-06T17:19:20 IST" skipped="0">
  <testcase classname="test.day4" name="LoginAPIHomeLoan" time="0.001"/>
  <system-out/>
  <testcase classname="test.day4" name="WebloginHomeLoan" time="0.009"/>
  <system-out/>
  <testcase classname="test.day4" name="MobileLoginHomeLoan" time="0.002"/>
  <system-out/>
</testsuite> <!-- test.day4 -->
