<?xml version="1.0" encoding="UTF-8"?>
<!-- Generated by org.testng.reporters.JUnitReportReporter -->
<testsuite hostname="LAPTOP-7ISA06A4" failures="0" tests="6" name="test.day3" time="0.029" errors="0" timestamp="2023-04-06T17:19:20 IST" skipped="1">
  <testcase classname="test.day3" name="WebloginCarLoan" time="0.005"/>
  <system-out/>
  <testcase classname="test.day3" name="MobileLogincarLoan" time="0.006"/>
  <system-out/>
  <testcase classname="test.day3" name="MobilesignoutcarLoan" time="0.003"/>
  <system-out/>
  <testcase classname="test.day3" name="MobilesignoutcarLoan" time="0.004"/>
  <system-out/>
  <testcase classname="test.day3" name="MobilesignoutcarLoan" time="0.011"/>
  <system-out/>
  <testcase classname="test.day3" name="MobilesignimcarLoan">
    <skipped/>
  </testcase> <!-- MobilesignimcarLoan -->
  <system-out/>
</testsuite> <!-- test.day3 -->
