<?xml version="1.0" encoding="UTF-8"?>
<!-- Generated by org.testng.reporters.JUnitReportReporter -->
<testsuite hostname="LAPTOP-7ISA06A4" failures="0" tests="1" name="test.day2" time="0.002" errors="0" timestamp="2023-04-06T17:19:20 IST" skipped="0">
  <testcase classname="test.day2" name="ploan" time="0.002"/>
  <system-out/>
</testsuite> <!-- test.day2 -->
